2025-12-15 12:15:16,126 - INFO - SERVER: Server started on Port 5000 with Host 0.0.0.0
2025-12-15 12:15:16,134 - INFO - SERVER: New connection: ('127.0.0.1', 57989)
2025-12-15 12:15:17,063 - INFO - SERVER: player Player1, <socket.socket fd=1372, family=2, type=1, proto=0, laddr=('127.0.0.1', 5000), raddr=('127.0.0.1', 57989)> has selected SM
2025-12-15 12:15:26,638 - INFO - SERVER: New connection: ('127.0.0.1', 57990)
2025-12-15 12:15:27,936 - INFO - SERVER: player Player1, <socket.socket fd=1968, family=2, type=1, proto=0, laddr=('127.0.0.1', 5000), raddr=('127.0.0.1', 57990)> has selected GS
2025-12-15 12:15:30,341 - INFO - SERVER: Lobby started with [{'conn': <socket.socket fd=1372, family=2, type=1, proto=0, laddr=('127.0.0.1', 5000), raddr=('127.0.0.1', 57989)>, 'addr': ('127.0.0.1', 57989), 'name': 'Player1', 'role': <GameRole.SPACEMARINE: 'spacemarine'>}, {'conn': <socket.socket fd=1968, family=2, type=1, proto=0, laddr=('127.0.0.1', 5000), raddr=('127.0.0.1', 57990)>, 'addr': ('127.0.0.1', 57990), 'name': 'Player1', 'role': <GameRole.GENSTEALER: 'genstealer'>}]
2025-12-15 12:15:30,395 - INFO - SERVER: Ready recived from ('127.0.0.1', 57990)
2025-12-15 12:15:30,396 - INFO - SERVER: Ready recived from ('127.0.0.1', 57989)
2025-12-15 12:15:30,396 - INFO - SERVER: Ready recived from ('127.0.0.1', 57990)
2025-12-15 12:15:30,397 - INFO - <SpaceMarine id: 0, rank=sergant, weapon=POWERSWORD, overwatch=False, jam=False>
2025-12-15 12:15:30,398 - INFO - SERVER: Ready recived from ('127.0.0.1', 57989)
2025-12-15 12:15:30,400 - INFO - <SpaceMarine id: 1, rank=brother, weapon=FLAMER, overwatch=False, jam=False>
2025-12-15 12:15:30,401 - INFO - SERVER: Ready recived from ('127.0.0.1', 57989)
2025-12-15 12:15:30,401 - INFO - <SpaceMarine id: 2, rank=brother, weapon=BOLTER, overwatch=False, jam=False>
2025-12-15 12:15:30,402 - INFO - SERVER: Ready recived from ('127.0.0.1', 57990)
2025-12-15 12:15:30,402 - INFO - SERVER: Ready recived from ('127.0.0.1', 57989)
2025-12-15 12:15:30,403 - INFO - <SpaceMarine id: 3, rank=brother, weapon=BOLTER, overwatch=False, jam=False>
2025-12-15 12:15:30,410 - INFO - SERVER: Ready recived from ('127.0.0.1', 57989)
2025-12-15 12:15:30,426 - INFO - <SpaceMarine id: 4, rank=brother, weapon=BOLTER, overwatch=False, jam=False>
2025-12-15 12:15:30,432 - INFO - SERVER: Ready recived from ('127.0.0.1', 57989)
2025-12-15 12:15:35,203 - INFO - MARINE PLACE REQUEST
2025-12-15 12:15:35,213 - INFO - TILE FOUND AT (3, 12)
2025-12-15 12:15:35,224 - INFO - MODEL FOUND WITH ID:1
2025-12-15 12:15:35,252 - INFO - SENDING UPDATE!
2025-12-15 12:15:37,747 - INFO - MARINE PLACE REQUEST
2025-12-15 12:15:37,758 - INFO - TILE FOUND AT (1, 12)
2025-12-15 12:15:37,769 - INFO - MODEL FOUND WITH ID:0
2025-12-15 12:15:37,791 - INFO - SENDING UPDATE!
2025-12-15 12:15:41,028 - INFO - MARINE PLACE REQUEST
2025-12-15 12:15:41,039 - INFO - TILE FOUND AT (2, 12)
2025-12-15 12:15:41,050 - INFO - MODEL FOUND WITH ID:4
2025-12-15 12:15:41,070 - INFO - SENDING UPDATE!
2025-12-15 12:15:43,832 - INFO - MARINE PLACE REQUEST
2025-12-15 12:15:43,842 - INFO - TILE FOUND AT (4, 12)
2025-12-15 12:15:43,852 - INFO - MODEL FOUND WITH ID:2
2025-12-15 12:15:43,868 - INFO - SENDING UPDATE!
2025-12-15 12:15:46,917 - INFO - MARINE PLACE REQUEST
2025-12-15 12:15:46,928 - INFO - TILE FOUND AT (5, 12)
2025-12-15 12:15:46,938 - INFO - MODEL FOUND WITH ID:3
2025-12-15 12:15:46,960 - INFO - SENDING UPDATE!
2025-12-15 12:15:49,326 - CRITICAL - Unhandled exception
Traceback (most recent call last):
  File "C:\Users\Kathrin\Documents\GitHub\Space-Hulk-2\multiplayerclassclient.py", line 1295, in <module>
    client.main()
  File "C:\Users\Kathrin\Documents\GitHub\Space-Hulk-2\multiplayerclassclient.py", line 1108, in main
    deploybl_rotateButton_right.draw(self.screen)
    ^^^^^^^^^^^^^^^^^^^^^^^^^^^
NameError: name 'deploybl_rotateButton_right' is not defined. Did you mean: 'deploysm_rotateButton_right'?
2025-12-15 12:16:36,192 - ERROR - SERVER: Error with ('127.0.0.1', 57990): [WinError 10054] Eine vorhandene Verbindung wurde vom Remotehost geschlossen
Traceback (most recent call last):
  File "c:\Users\Kathrin\Documents\GitHub\Space-Hulk-2\MultiplayerClassServer.py", line 107, in handle_client
    data = conn.recv(1024)
           ^^^^^^^^^^^^^^^
ConnectionResetError: [WinError 10054] Eine vorhandene Verbindung wurde vom Remotehost geschlossen
2025-12-15 12:16:36,196 - INFO - SERVER: No clients left - shutting down server.
2025-12-15 12:17:50,739 - INFO - SERVER: Server started on Port 5000 with Host 0.0.0.0
2025-12-15 12:17:50,746 - INFO - SERVER: New connection: ('127.0.0.1', 57992)
2025-12-15 12:17:51,667 - INFO - SERVER: player Player1, <socket.socket fd=1904, family=2, type=1, proto=0, laddr=('127.0.0.1', 5000), raddr=('127.0.0.1', 57992)> has selected GS
2025-12-15 12:17:53,046 - INFO - SERVER: player Player1, <socket.socket fd=1904, family=2, type=1, proto=0, laddr=('127.0.0.1', 5000), raddr=('127.0.0.1', 57992)> has selected SM
2025-12-15 12:17:57,486 - INFO - SERVER: New connection: ('127.0.0.1', 57993)
2025-12-15 12:17:58,398 - INFO - SERVER: player Player1, <socket.socket fd=1860, family=2, type=1, proto=0, laddr=('127.0.0.1', 5000), raddr=('127.0.0.1', 57993)> has selected GS
2025-12-15 12:18:00,382 - INFO - SERVER: Lobby started with [{'conn': <socket.socket fd=1904, family=2, type=1, proto=0, laddr=('127.0.0.1', 5000), raddr=('127.0.0.1', 57992)>, 'addr': ('127.0.0.1', 57992), 'name': 'Player1', 'role': <GameRole.SPACEMARINE: 'spacemarine'>}, {'conn': <socket.socket fd=1860, family=2, type=1, proto=0, laddr=('127.0.0.1', 5000), raddr=('127.0.0.1', 57993)>, 'addr': ('127.0.0.1', 57993), 'name': 'Player1', 'role': <GameRole.GENSTEALER: 'genstealer'>}]
2025-12-15 12:18:00,429 - INFO - SERVER: Ready recived from ('127.0.0.1', 57992)
2025-12-15 12:18:00,430 - INFO - SERVER: Ready recived from ('127.0.0.1', 57992)
2025-12-15 12:18:00,431 - INFO - SERVER: Ready recived from ('127.0.0.1', 57992)
2025-12-15 12:18:00,438 - INFO - SERVER: Ready recived from ('127.0.0.1', 57993)
2025-12-15 12:18:00,458 - INFO - SERVER: Ready recived from ('127.0.0.1', 57993)
2025-12-15 12:18:00,458 - INFO - <SpaceMarine id: 0, rank=sergant, weapon=POWERSWORD, overwatch=False, jam=False>
2025-12-15 12:18:00,474 - INFO - SERVER: Ready recived from ('127.0.0.1', 57993)
2025-12-15 12:18:00,489 - INFO - <SpaceMarine id: 1, rank=brother, weapon=FLAMER, overwatch=False, jam=False>
2025-12-15 12:18:00,506 - INFO - SERVER: Ready recived from ('127.0.0.1', 57993)
2025-12-15 12:18:00,522 - INFO - <SpaceMarine id: 2, rank=brother, weapon=BOLTER, overwatch=False, jam=False>
2025-12-15 12:18:00,537 - INFO - SERVER: Ready recived from ('127.0.0.1', 57993)
2025-12-15 12:18:00,553 - INFO - <SpaceMarine id: 3, rank=brother, weapon=BOLTER, overwatch=False, jam=False>
2025-12-15 12:18:00,564 - INFO - SERVER: Ready recived from ('127.0.0.1', 57993)
2025-12-15 12:18:00,579 - INFO - <SpaceMarine id: 4, rank=brother, weapon=BOLTER, overwatch=False, jam=False>
2025-12-15 12:18:00,596 - INFO - SERVER: Ready recived from ('127.0.0.1', 57993)
2025-12-15 12:18:00,622 - INFO - SERVER: Ready recived from ('127.0.0.1', 57993)
2025-12-15 12:18:00,628 - INFO - SERVER: Ready recived from ('127.0.0.1', 57993)
2025-12-15 12:18:00,638 - INFO - SERVER: Ready recived from ('127.0.0.1', 57993)
2025-12-15 12:18:00,646 - INFO - SERVER: Ready recived from ('127.0.0.1', 57993)
2025-12-15 12:18:00,656 - INFO - SERVER: Ready recived from ('127.0.0.1', 57993)
2025-12-15 12:18:00,658 - INFO - SERVER: Ready recived from ('127.0.0.1', 57993)
2025-12-15 12:18:00,659 - INFO - SERVER: Ready recived from ('127.0.0.1', 57993)
2025-12-15 12:18:00,660 - INFO - SERVER: Ready recived from ('127.0.0.1', 57993)
2025-12-15 12:18:00,661 - INFO - SERVER: Ready recived from ('127.0.0.1', 57993)
2025-12-15 12:18:00,661 - INFO - SERVER: Ready recived from ('127.0.0.1', 57993)
2025-12-15 12:18:00,662 - INFO - SERVER: Ready recived from ('127.0.0.1', 57993)
2025-12-15 12:18:04,162 - INFO - MARINE PLACE REQUEST
2025-12-15 12:18:04,174 - INFO - TILE FOUND AT (1, 12)
2025-12-15 12:18:04,185 - INFO - MODEL FOUND WITH ID:0
2025-12-15 12:18:04,207 - INFO - SENDING UPDATE!
2025-12-15 12:18:07,193 - INFO - MARINE PLACE REQUEST
2025-12-15 12:18:07,204 - INFO - TILE FOUND AT (2, 12)
2025-12-15 12:18:07,214 - INFO - MODEL FOUND WITH ID:1
2025-12-15 12:18:07,241 - INFO - SENDING UPDATE!
2025-12-15 12:18:10,882 - INFO - MARINE PLACE REQUEST
2025-12-15 12:18:10,892 - INFO - TILE FOUND AT (3, 12)
2025-12-15 12:18:10,904 - INFO - MODEL FOUND WITH ID:3
2025-12-15 12:18:10,920 - INFO - SENDING UPDATE!
2025-12-15 12:18:13,668 - INFO - MARINE PLACE REQUEST
2025-12-15 12:18:13,679 - INFO - TILE FOUND AT (5, 12)
2025-12-15 12:18:13,689 - INFO - MODEL FOUND WITH ID:2
2025-12-15 12:18:13,711 - INFO - SENDING UPDATE!
2025-12-15 12:18:16,201 - INFO - MARINE PLACE REQUEST
2025-12-15 12:18:16,212 - INFO - TILE FOUND AT (4, 12)
2025-12-15 12:18:16,224 - INFO - MODEL FOUND WITH ID:4
2025-12-15 12:18:16,252 - INFO - SENDING UPDATE!
2025-12-15 12:18:18,027 - INFO - REQUEST FOR BLIPS RECIVED
2025-12-15 12:18:20,908 - CRITICAL - Unhandled exception
Traceback (most recent call last):
  File "C:\Users\Kathrin\Documents\GitHub\Space-Hulk-2\multiplayerclassclient.py", line 1294, in <module>
    client.main()
  File "C:\Users\Kathrin\Documents\GitHub\Space-Hulk-2\multiplayerclassclient.py", line 1112, in main
    pygame.draw.rect(self.screen, 'blue', deploysm_selected_sprite.rect, 4)
                                          ^^^^^^^^^^^^^^^^^^^^^^^^^^^^^
AttributeError: 'NoneType' object has no attribute 'rect'
2025-12-15 12:20:19,125 - ERROR - SERVER: Error with ('127.0.0.1', 57993): [WinError 10054] Eine vorhandene Verbindung wurde vom Remotehost geschlossen
Traceback (most recent call last):
  File "c:\Users\Kathrin\Documents\GitHub\Space-Hulk-2\MultiplayerClassServer.py", line 107, in handle_client
    data = conn.recv(1024)
           ^^^^^^^^^^^^^^^
ConnectionResetError: [WinError 10054] Eine vorhandene Verbindung wurde vom Remotehost geschlossen
2025-12-15 12:20:21,755 - INFO - SERVER: No clients left - shutting down server.
2025-12-15 12:20:51,315 - CRITICAL - Unhandled exception
Traceback (most recent call last):
  File "c:\Users\Kathrin\Documents\GitHub\Space-Hulk-2\MultiplayerClassClient.py", line 1131, in connect
    self.client_socket.connect((self.server_host, self.server_port))
ConnectionRefusedError: [WinError 10061] Es konnte keine Verbindung hergestellt werden, da der Zielcomputer die Verbindung verweigerte

During handling of the above exception, another exception occurred:

Traceback (most recent call last):
  File "c:\Users\Kathrin\Documents\GitHub\Space-Hulk-2\MultiplayerClassClient.py", line 1294, in <module>
    client.main()
  File "c:\Users\Kathrin\Documents\GitHub\Space-Hulk-2\MultiplayerClassClient.py", line 470, in main
    if self.connect() == False:
       ^^^^^^^^^^^^^^
  File "c:\Users\Kathrin\Documents\GitHub\Space-Hulk-2\MultiplayerClassClient.py", line 1137, in connect
    self.client_socket.connect((lobbys[0][0], lobbys[0][1]))
                                ~~~~~~^^^
IndexError: list index out of range
2025-12-15 12:20:53,911 - INFO - SERVER: Server started on Port 5000 with Host 0.0.0.0
2025-12-15 12:20:53,917 - INFO - SERVER: New connection: ('127.0.0.1', 57995)
2025-12-15 12:20:54,701 - INFO - SERVER: player Player1, <socket.socket fd=1384, family=2, type=1, proto=0, laddr=('127.0.0.1', 5000), raddr=('127.0.0.1', 57995)> has selected GS
2025-12-15 12:20:55,973 - INFO - SERVER: player Player1, <socket.socket fd=1384, family=2, type=1, proto=0, laddr=('127.0.0.1', 5000), raddr=('127.0.0.1', 57995)> has selected SM
2025-12-15 12:21:01,630 - INFO - SERVER: New connection: ('127.0.0.1', 57996)
2025-12-15 12:21:03,110 - INFO - SERVER: player Player1, <socket.socket fd=1980, family=2, type=1, proto=0, laddr=('127.0.0.1', 5000), raddr=('127.0.0.1', 57996)> has selected GS
2025-12-15 12:21:04,834 - INFO - SERVER: Lobby started with [{'conn': <socket.socket fd=1384, family=2, type=1, proto=0, laddr=('127.0.0.1', 5000), raddr=('127.0.0.1', 57995)>, 'addr': ('127.0.0.1', 57995), 'name': 'Player1', 'role': <GameRole.SPACEMARINE: 'spacemarine'>}, {'conn': <socket.socket fd=1980, family=2, type=1, proto=0, laddr=('127.0.0.1', 5000), raddr=('127.0.0.1', 57996)>, 'addr': ('127.0.0.1', 57996), 'name': 'Player1', 'role': <GameRole.GENSTEALER: 'genstealer'>}]
2025-12-15 12:21:04,880 - INFO - SERVER: Ready recived from ('127.0.0.1', 57995)
2025-12-15 12:21:04,881 - INFO - SERVER: Ready recived from ('127.0.0.1', 57995)
2025-12-15 12:21:04,882 - INFO - SERVER: Ready recived from ('127.0.0.1', 57995)
2025-12-15 12:21:04,888 - INFO - SERVER: Ready recived from ('127.0.0.1', 57996)
2025-12-15 12:21:04,899 - INFO - <SpaceMarine id: 0, rank=sergant, weapon=POWERSWORD, overwatch=False, jam=False>
2025-12-15 12:21:04,905 - INFO - SERVER: Ready recived from ('127.0.0.1', 57996)
2025-12-15 12:21:04,910 - INFO - <SpaceMarine id: 1, rank=brother, weapon=FLAMER, overwatch=False, jam=False>
2025-12-15 12:21:04,928 - INFO - SERVER: Ready recived from ('127.0.0.1', 57996)
2025-12-15 12:21:04,944 - INFO - <SpaceMarine id: 2, rank=brother, weapon=BOLTER, overwatch=False, jam=False>
2025-12-15 12:21:04,960 - INFO - SERVER: Ready recived from ('127.0.0.1', 57996)
2025-12-15 12:21:04,976 - INFO - <SpaceMarine id: 3, rank=brother, weapon=BOLTER, overwatch=False, jam=False>
2025-12-15 12:21:04,992 - INFO - SERVER: Ready recived from ('127.0.0.1', 57996)
2025-12-15 12:21:05,002 - INFO - <SpaceMarine id: 4, rank=brother, weapon=BOLTER, overwatch=False, jam=False>
2025-12-15 12:21:05,014 - INFO - SERVER: Ready recived from ('127.0.0.1', 57996)
2025-12-15 12:21:05,036 - INFO - SERVER: Ready recived from ('127.0.0.1', 57996)
2025-12-15 12:21:05,043 - INFO - SERVER: Ready recived from ('127.0.0.1', 57996)
2025-12-15 12:21:05,044 - INFO - SERVER: Ready recived from ('127.0.0.1', 57996)
2025-12-15 12:21:05,045 - INFO - SERVER: Ready recived from ('127.0.0.1', 57996)
2025-12-15 12:21:05,046 - INFO - SERVER: Ready recived from ('127.0.0.1', 57996)
2025-12-15 12:21:05,047 - INFO - SERVER: Ready recived from ('127.0.0.1', 57996)
2025-12-15 12:21:05,048 - INFO - SERVER: Ready recived from ('127.0.0.1', 57996)
2025-12-15 12:21:05,049 - INFO - SERVER: Ready recived from ('127.0.0.1', 57996)
2025-12-15 12:21:23,312 - INFO - MARINE PLACE REQUEST
2025-12-15 12:21:23,323 - INFO - TILE FOUND AT (5, 12)
2025-12-15 12:21:23,333 - INFO - MODEL FOUND WITH ID:4
2025-12-15 12:21:23,357 - INFO - SENDING UPDATE!
2025-12-15 12:21:26,134 - INFO - MARINE PLACE REQUEST
2025-12-15 12:21:26,145 - INFO - TILE FOUND AT (4, 12)
2025-12-15 12:21:26,156 - INFO - MODEL FOUND WITH ID:3
2025-12-15 12:21:26,173 - INFO - SENDING UPDATE!
2025-12-15 12:21:28,689 - INFO - MARINE PLACE REQUEST
2025-12-15 12:21:28,699 - INFO - TILE FOUND AT (3, 12)
2025-12-15 12:21:28,709 - INFO - MODEL FOUND WITH ID:2
2025-12-15 12:21:28,725 - INFO - SENDING UPDATE!
2025-12-15 12:21:30,867 - INFO - MARINE PLACE REQUEST
2025-12-15 12:21:30,878 - INFO - TILE FOUND AT (1, 12)
2025-12-15 12:21:30,889 - INFO - MODEL FOUND WITH ID:1
2025-12-15 12:21:30,905 - INFO - SENDING UPDATE!
2025-12-15 12:21:33,674 - INFO - MARINE PLACE REQUEST
2025-12-15 12:21:33,684 - INFO - TILE FOUND AT (2, 12)
2025-12-15 12:21:33,695 - INFO - MODEL FOUND WITH ID:0
2025-12-15 12:21:33,712 - INFO - SENDING UPDATE!
2025-12-15 12:21:43,284 - INFO - REQUEST FOR BLIPS RECIVED
2025-12-15 12:22:07,936 - ERROR - SERVER: Error with ('127.0.0.1', 57996): [WinError 10054] Eine vorhandene Verbindung wurde vom Remotehost geschlossen
Traceback (most recent call last):
  File "c:\Users\Kathrin\Documents\GitHub\Space-Hulk-2\MultiplayerClassServer.py", line 271, in handle_client
    self.send(conn, {"Purpose": "disconnect"})
  File "c:\Users\Kathrin\Documents\GitHub\Space-Hulk-2\MultiplayerClassServer.py", line 287, in send
    conn.sendall((json.dumps(message) + "\n").encode())
ConnectionResetError: [WinError 10054] Eine vorhandene Verbindung wurde vom Remotehost geschlossen
2025-12-15 12:22:09,823 - INFO - SERVER: No clients left - shutting down server.
